<?xml version="1.0" encoding="UTF-8"?>
<testng-results ignored="0" total="1" passed="1" failed="0" skipped="0">
  <reporter-output>
  </reporter-output>
  <suite started-at="2026-01-04T23:35:42 CST" name="Default suite" finished-at="2026-01-04T23:35:50 CST" duration-ms="7642">
    <groups>
    </groups>
    <test started-at="2026-01-04T23:35:42 CST" name="Default test" finished-at="2026-01-04T23:35:50 CST" duration-ms="7642">
      <class name="tests.LoginTest">
        <test-method is-config="true" signature="setupReport()[pri:0, instance:tests.LoginTest@72cc7e6f]" started-at="2026-01-04T23:35:42 CST" name="setupReport" finished-at="2026-01-04T23:35:42 CST" duration-ms="706" status="PASS">
          <reporter-output>
          </reporter-output>
        </test-method> <!-- setupReport -->
        <test-method is-config="true" signature="setUp()[pri:0, instance:tests.LoginTest@72cc7e6f]" started-at="2026-01-04T23:35:43 CST" name="setUp" finished-at="2026-01-04T23:35:48 CST" duration-ms="5281" status="PASS">
          <reporter-output>
          </reporter-output>
        </test-method> <!-- setUp -->
        <test-method signature="testLoginWithInvalidCredintials()[pri:0, instance:tests.LoginTest@72cc7e6f]" started-at="2026-01-04T23:35:48 CST" name="testLoginWithInvalidCredintials" finished-at="2026-01-04T23:35:50 CST" duration-ms="1879" status="PASS">
          <reporter-output>
          </reporter-output>
        </test-method> <!-- testLoginWithInvalidCredintials -->
        <test-method is-config="true" signature="tearDown(org.testng.ITestResult)[pri:0, instance:tests.LoginTest@72cc7e6f]" started-at="2026-01-04T23:35:50 CST" name="tearDown" finished-at="2026-01-04T23:35:50 CST" duration-ms="391" status="PASS">
          <params>
            <param index="0">
              <value>
                <![CDATA[[TestResult name=testLoginWithInvalidCredintials status=SUCCESS method=LoginTest.testLoginWithInvalidCredintials()[pri:0, instance:tests.LoginTest@72cc7e6f] output={null}]]]>
              </value>
            </param>
          </params>
          <reporter-output>
          </reporter-output>
        </test-method> <!-- tearDown -->
        <test-method is-config="true" signature="teardownReport()[pri:0, instance:tests.LoginTest@72cc7e6f]" started-at="2026-01-04T23:35:50 CST" name="teardownReport" finished-at="2026-01-04T23:35:51 CST" duration-ms="709" status="PASS">
          <reporter-output>
          </reporter-output>
        </test-method> <!-- teardownReport -->
      </class> <!-- tests.LoginTest -->
    </test> <!-- Default test -->
  </suite> <!-- Default suite -->
</testng-results>
