<?xml version="1.0" encoding="UTF-8"?>
<!-- Generated by org.testng.reporters.JUnitXMLReporter -->
<testsuite ignored="0" hostname="Georges_Laptop" failures="2" tests="2" name="LoginTests" time="15.186" errors="0" timestamp="2026-01-04T02:49:57 CST">
  <testcase classname="tests.LoginTest" name="testLoginWithInvalidCredintials" time="2.046">
    <failure type="java.lang.AssertionError" message="expected [Just a moment...123] but found [Just a moment...]">
      <![CDATA[java.lang.AssertionError: expected [Just a moment...123] but found [Just a moment...]
at tests.LoginTest.testLoginWithInvalidCredintials(LoginTest.java:108)
at java.base/java.util.ArrayList.forEach(ArrayList.java:1511)
... Removed 33 stack frames]]>
    </failure>
  </testcase> <!-- testLoginWithInvalidCredintials -->
  <testcase classname="tests.LoginTest" name="testValidLogin" time="1.532">
    <failure type="java.lang.AssertionError" message="expected [Just a moment...] but found [nopCommerce demo store. Login]">
      <![CDATA[java.lang.AssertionError: expected [Just a moment...] but found [nopCommerce demo store. Login]
at tests.LoginTest.testValidLogin(LoginTest.java:84)
at java.base/java.util.ArrayList.forEach(ArrayList.java:1511)
... Removed 33 stack frames]]>
    </failure>
  </testcase> <!-- testValidLogin -->
</testsuite> <!-- LoginTests -->
